<?xml version="1.0" encoding="UTF-8"?>
<!-- Generated by org.testng.reporters.JUnitXMLReporter -->
<testsuite hostname="xinxideMacBook-Pro.local" ignored="0" name="应用" tests="3" failures="1" timestamp="20 十月 2018 13:34:49 GMT" time="4.283" errors="0">
  <testcase name="getApps" time="0.422" classname="Case.Apps"/>
  <testcase name="getAppsList" time="0.353" classname="Case.Apps">
    <failure type="java.lang.AssertionError" message="expected [1] but found [0]">
      <![CDATA[java.lang.AssertionError: expected [1] but found [0]
at Case.Apps.getAppsList(Apps.java:56)
... Removed 33 stack frames]]>
    </failure>
  </testcase> <!-- getAppsList -->
  <testcase name="setApps" time="0.715" classname="Case.Apps"/>
</testsuite> <!-- 应用 -->
