<?xml version="1.0" encoding="UTF-8"?>
<testng-results skipped="0" failed="0" ignored="0" total="4" passed="4">
  <reporter-output>
    <line>
      <![CDATA[token没有过期!]]>
    </line>
    <line>
      <![CDATA[token没有过期!]]>
    </line>
  </reporter-output>
  <suite name="CompanyWeChatTest" duration-ms="3718" started-at="2018-12-02T09:22:40Z" finished-at="2018-12-02T09:22:43Z">
    <groups>
    </groups>
    <test name="应用" duration-ms="3322" started-at="2018-12-02T09:22:40Z" finished-at="2018-12-02T09:22:43Z">
      <class name="testcase.Apps">
        <test-method status="PASS" signature="beforeClass()[pri:0, instance:testcase.Apps@3551a94]" name="beforeClass" is-config="true" duration-ms="701" started-at="2018-12-02T09:22:40Z" finished-at="2018-12-02T09:22:40Z">
          <reporter-output>
            <line>
              <![CDATA[token没有过期!]]>
            </line>
          </reporter-output>
        </test-method> <!-- beforeClass -->
        <test-method status="PASS" signature="beforeMethod()[pri:0, instance:testcase.Apps@3551a94]" name="beforeMethod" is-config="true" duration-ms="2" started-at="2018-12-02T09:22:40Z" finished-at="2018-12-02T09:22:40Z">
          <reporter-output>
          </reporter-output>
        </test-method> <!-- beforeMethod -->
        <test-method status="PASS" signature="getApps()[pri:0, instance:testcase.Apps@3551a94]" name="getApps" duration-ms="1752" started-at="2018-12-02T09:22:40Z" finished-at="2018-12-02T09:22:42Z">
          <reporter-output>
          </reporter-output>
        </test-method> <!-- getApps -->
        <test-method status="PASS" signature="beforeMethod()[pri:0, instance:testcase.Apps@3551a94]" name="beforeMethod" is-config="true" duration-ms="2" started-at="2018-12-02T09:22:42Z" finished-at="2018-12-02T09:22:42Z">
          <reporter-output>
          </reporter-output>
        </test-method> <!-- beforeMethod -->
        <test-method status="PASS" signature="getAppsList()[pri:0, instance:testcase.Apps@3551a94]" name="getAppsList" duration-ms="349" started-at="2018-12-02T09:22:42Z" finished-at="2018-12-02T09:22:42Z">
          <reporter-output>
          </reporter-output>
        </test-method> <!-- getAppsList -->
        <test-method status="PASS" signature="beforeMethod()[pri:0, instance:testcase.Apps@3551a94]" name="beforeMethod" is-config="true" duration-ms="1" started-at="2018-12-02T09:22:42Z" finished-at="2018-12-02T09:22:42Z">
          <reporter-output>
          </reporter-output>
        </test-method> <!-- beforeMethod -->
        <test-method status="PASS" signature="setApps()[pri:0, instance:testcase.Apps@3551a94]" name="setApps" duration-ms="502" started-at="2018-12-02T09:22:42Z" finished-at="2018-12-02T09:22:43Z">
          <reporter-output>
          </reporter-output>
        </test-method> <!-- setApps -->
        <test-method status="PASS" signature="afterClass()[pri:0, instance:testcase.Apps@3551a94]" name="afterClass" is-config="true" duration-ms="1" started-at="2018-12-02T09:22:43Z" finished-at="2018-12-02T09:22:43Z">
          <reporter-output>
          </reporter-output>
        </test-method> <!-- afterClass -->
      </class> <!-- testcase.Apps -->
    </test> <!-- 应用 -->
    <test name="消息" duration-ms="381" started-at="2018-12-02T09:22:43Z" finished-at="2018-12-02T09:22:43Z">
      <class name="testcase.Messages">
        <test-method status="PASS" signature="beforeClass()[pri:0, instance:testcase.Messages@6ea12c19]" name="beforeClass" is-config="true" duration-ms="2" started-at="2018-12-02T09:22:43Z" finished-at="2018-12-02T09:22:43Z">
          <reporter-output>
            <line>
              <![CDATA[token没有过期!]]>
            </line>
          </reporter-output>
        </test-method> <!-- beforeClass -->
        <test-method status="PASS" signature="beforeMethod()[pri:0, instance:testcase.Messages@6ea12c19]" name="beforeMethod" is-config="true" duration-ms="1" started-at="2018-12-02T09:22:43Z" finished-at="2018-12-02T09:22:43Z">
          <reporter-output>
          </reporter-output>
        </test-method> <!-- beforeMethod -->
        <test-method status="PASS" signature="sendText()[pri:0, instance:testcase.Messages@6ea12c19]" name="sendText" duration-ms="377" started-at="2018-12-02T09:22:43Z" finished-at="2018-12-02T09:22:43Z">
          <reporter-output>
          </reporter-output>
        </test-method> <!-- sendText -->
        <test-method status="PASS" signature="afterClass()[pri:0, instance:testcase.Messages@6ea12c19]" name="afterClass" is-config="true" duration-ms="0" started-at="2018-12-02T09:22:43Z" finished-at="2018-12-02T09:22:43Z">
          <reporter-output>
          </reporter-output>
        </test-method> <!-- afterClass -->
      </class> <!-- testcase.Messages -->
    </test> <!-- 消息 -->
  </suite> <!-- CompanyWeChatTest -->
</testng-results>
